Determining if the pthread_create exist failed with the following output:
Change Dir: /home/philipp/projects/distro/extra/z-cutorch/build/CMakeFiles/CMakeTmp

Run Build Command:"/usr/bin/make" "cmTC_a398d/fast"
/usr/bin/make -f CMakeFiles/cmTC_a398d.dir/build.make CMakeFiles/cmTC_a398d.dir/build
make[1]: Entering directory '/home/philipp/projects/distro/extra/z-cutorch/build/CMakeFiles/CMakeTmp'
/usr/bin/cmake: /home/philipp/software/anaconda/lib/libssl.so.1.0.0: no version information available (required by /usr/lib/x86_64-linux-gnu/libcurl.so.4)
/usr/bin/cmake: /home/philipp/software/anaconda/lib/libssl.so.1.0.0: no version information available (required by /usr/lib/x86_64-linux-gnu/libcurl.so.4)
/usr/bin/cmake: /home/philipp/software/anaconda/lib/libssl.so.1.0.0: no version information available (required by /usr/lib/x86_64-linux-gnu/libcurl.so.4)
/usr/bin/cmake: /home/philipp/software/anaconda/lib/libcrypto.so.1.0.0: no version information available (required by /usr/lib/x86_64-linux-gnu/libcurl.so.4)
Building C object CMakeFiles/cmTC_a398d.dir/CheckSymbolExists.c.o
/usr/bin/cc    -fPIC    -o CMakeFiles/cmTC_a398d.dir/CheckSymbolExists.c.o   -c /home/philipp/projects/distro/extra/z-cutorch/build/CMakeFiles/CMakeTmp/CheckSymbolExists.c
/usr/bin/cmake: /home/philipp/software/anaconda/lib/libssl.so.1.0.0: no version information available (required by /usr/lib/x86_64-linux-gnu/libcurl.so.4)
/usr/bin/cmake: /home/philipp/software/anaconda/lib/libssl.so.1.0.0: no version information available (required by /usr/lib/x86_64-linux-gnu/libcurl.so.4)
/usr/bin/cmake: /home/philipp/software/anaconda/lib/libssl.so.1.0.0: no version information available (required by /usr/lib/x86_64-linux-gnu/libcurl.so.4)
/usr/bin/cmake: /home/philipp/software/anaconda/lib/libcrypto.so.1.0.0: no version information available (required by /usr/lib/x86_64-linux-gnu/libcurl.so.4)
Linking C executable cmTC_a398d
/usr/bin/cmake -E cmake_link_script CMakeFiles/cmTC_a398d.dir/link.txt --verbose=1
/usr/bin/cmake: /home/philipp/software/anaconda/lib/libssl.so.1.0.0: no version information available (required by /usr/lib/x86_64-linux-gnu/libcurl.so.4)
/usr/bin/cmake: /home/philipp/software/anaconda/lib/libssl.so.1.0.0: no version information available (required by /usr/lib/x86_64-linux-gnu/libcurl.so.4)
/usr/bin/cmake: /home/philipp/software/anaconda/lib/libssl.so.1.0.0: no version information available (required by /usr/lib/x86_64-linux-gnu/libcurl.so.4)
/usr/bin/cmake: /home/philipp/software/anaconda/lib/libcrypto.so.1.0.0: no version information available (required by /usr/lib/x86_64-linux-gnu/libcurl.so.4)
/usr/bin/cc  -fPIC     CMakeFiles/cmTC_a398d.dir/CheckSymbolExists.c.o  -o cmTC_a398d -rdynamic 
CMakeFiles/cmTC_a398d.dir/CheckSymbolExists.c.o: In function `main':
CheckSymbolExists.c:(.text+0x1b): undefined reference to `pthread_create'
collect2: error: ld returned 1 exit status
CMakeFiles/cmTC_a398d.dir/build.make:97: recipe for target 'cmTC_a398d' failed
make[1]: *** [cmTC_a398d] Error 1
make[1]: Leaving directory '/home/philipp/projects/distro/extra/z-cutorch/build/CMakeFiles/CMakeTmp'
Makefile:126: recipe for target 'cmTC_a398d/fast' failed
make: *** [cmTC_a398d/fast] Error 2

File /home/philipp/projects/distro/extra/z-cutorch/build/CMakeFiles/CMakeTmp/CheckSymbolExists.c:
/* */
#include <pthread.h>

int main(int argc, char** argv)
{
  (void)argv;
#ifndef pthread_create
  return ((int*)(&pthread_create))[argc];
#else
  (void)argc;
  return 0;
#endif
}

Determining if the function pthread_create exists in the pthreads failed with the following output:
Change Dir: /home/philipp/projects/distro/extra/z-cutorch/build/CMakeFiles/CMakeTmp

Run Build Command:"/usr/bin/make" "cmTC_9494f/fast"
/usr/bin/make -f CMakeFiles/cmTC_9494f.dir/build.make CMakeFiles/cmTC_9494f.dir/build
make[1]: Entering directory '/home/philipp/projects/distro/extra/z-cutorch/build/CMakeFiles/CMakeTmp'
/usr/bin/cmake: /home/philipp/software/anaconda/lib/libssl.so.1.0.0: no version information available (required by /usr/lib/x86_64-linux-gnu/libcurl.so.4)
/usr/bin/cmake: /home/philipp/software/anaconda/lib/libssl.so.1.0.0: no version information available (required by /usr/lib/x86_64-linux-gnu/libcurl.so.4)
/usr/bin/cmake: /home/philipp/software/anaconda/lib/libssl.so.1.0.0: no version information available (required by /usr/lib/x86_64-linux-gnu/libcurl.so.4)
/usr/bin/cmake: /home/philipp/software/anaconda/lib/libcrypto.so.1.0.0: no version information available (required by /usr/lib/x86_64-linux-gnu/libcurl.so.4)
Building C object CMakeFiles/cmTC_9494f.dir/CheckFunctionExists.c.o
/usr/bin/cc    -fPIC -DCHECK_FUNCTION_EXISTS=pthread_create   -o CMakeFiles/cmTC_9494f.dir/CheckFunctionExists.c.o   -c /usr/share/cmake-3.5/Modules/CheckFunctionExists.c
/usr/bin/cmake: /home/philipp/software/anaconda/lib/libssl.so.1.0.0: no version information available (required by /usr/lib/x86_64-linux-gnu/libcurl.so.4)
/usr/bin/cmake: /home/philipp/software/anaconda/lib/libssl.so.1.0.0: no version information available (required by /usr/lib/x86_64-linux-gnu/libcurl.so.4)
/usr/bin/cmake: /home/philipp/software/anaconda/lib/libssl.so.1.0.0: no version information available (required by /usr/lib/x86_64-linux-gnu/libcurl.so.4)
/usr/bin/cmake: /home/philipp/software/anaconda/lib/libcrypto.so.1.0.0: no version information available (required by /usr/lib/x86_64-linux-gnu/libcurl.so.4)
Linking C executable cmTC_9494f
/usr/bin/cmake -E cmake_link_script CMakeFiles/cmTC_9494f.dir/link.txt --verbose=1
/usr/bin/cmake: /home/philipp/software/anaconda/lib/libssl.so.1.0.0: no version information available (required by /usr/lib/x86_64-linux-gnu/libcurl.so.4)
/usr/bin/cmake: /home/philipp/software/anaconda/lib/libssl.so.1.0.0: no version information available (required by /usr/lib/x86_64-linux-gnu/libcurl.so.4)
/usr/bin/cmake: /home/philipp/software/anaconda/lib/libssl.so.1.0.0: no version information available (required by /usr/lib/x86_64-linux-gnu/libcurl.so.4)
/usr/bin/cmake: /home/philipp/software/anaconda/lib/libcrypto.so.1.0.0: no version information available (required by /usr/lib/x86_64-linux-gnu/libcurl.so.4)
/usr/bin/cc  -fPIC -DCHECK_FUNCTION_EXISTS=pthread_create    CMakeFiles/cmTC_9494f.dir/CheckFunctionExists.c.o  -o cmTC_9494f -rdynamic -lpthreads 
/usr/bin/ld: cannot find -lpthreads
collect2: error: ld returned 1 exit status
CMakeFiles/cmTC_9494f.dir/build.make:97: recipe for target 'cmTC_9494f' failed
make[1]: *** [cmTC_9494f] Error 1
make[1]: Leaving directory '/home/philipp/projects/distro/extra/z-cutorch/build/CMakeFiles/CMakeTmp'
Makefile:126: recipe for target 'cmTC_9494f/fast' failed
make: *** [cmTC_9494f/fast] Error 2


